06-05-2024 18:17:40 - INICIO REABASTECIMIENTO COMERCIANTE
COMERCIANTE: Thalassa Hierbasueños
	--> Flameweed. Cantidad Previa: 0. Cantidad actual: 6
	--> Espina sangrienta. Cantidad Previa: 0. Cantidad actual: 5
	--> Flor plumífera. Cantidad Previa: 0. Cantidad actual: 5
	--> Hierba enroscada. Cantidad Previa: 0. Cantidad actual: 7
	--> Algas. Cantidad Previa: 10. Cantidad actual: 17

COMERCIANTE: Fynn Bosquefungi
	--> Grave Truffle. Cantidad Previa: 0. Cantidad actual: 8
	--> Goblin Shroom. Cantidad Previa: 0. Cantidad actual: 10
	--> Green Mushroom. Cantidad Previa: 0. Cantidad actual: 6
	--> Dryad's Saddle. Cantidad Previa: 8. Cantidad actual: 13
	--> Sulphur Shelf. Cantidad Previa: 10. Cantidad actual: 18

COMERCIANTE: Darion Mercaluz
	--> Hojafría. Cantidad Previa: 0. Cantidad actual: 10
	--> Blood Ruby. Cantidad Previa: 0. Cantidad actual: 7
	--> Palo espinoso. Cantidad Previa: 0. Cantidad actual: 5
	--> Flor plumífera. Cantidad Previa: 0. Cantidad actual: 6
	--> Marshroom. Cantidad Previa: 0. Cantidad actual: 7

COMERCIANTE: Aldric Hojaverde
	--> Raíz de lava. Cantidad Previa: 10. Cantidad actual: 16
	--> Algas. Cantidad Previa: 0. Cantidad actual: 10
	--> Hierba enroscada. Cantidad Previa: 0. Cantidad actual: 8
	--> Hierba enroscada. Cantidad Previa: 8. Cantidad actual: 13
	--> Raíz estranguladora. Cantidad Previa: 0. Cantidad actual: 5

COMERCIANTE: Drogan Rocaviva
	--> Earth Pyrite. Cantidad Previa: 0. Cantidad actual: 7
	--> Frost Sapphire. Cantidad Previa: 0. Cantidad actual: 10
	--> Frost Sapphire. Cantidad Previa: 10. Cantidad actual: 15
	--> Cristal arcano. Cantidad Previa: 6. Cantidad actual: 16
	--> Cristal vital. Cantidad Previa: 9. Cantidad actual: 14

COMERCIANTE: Luciano Diamante
	--> Cristal vital. Cantidad Previa: 0. Cantidad actual: 7
	--> Green Mushroom. Cantidad Previa: 0. Cantidad actual: 9
	--> Flor vendaval. Cantidad Previa: 0. Cantidad actual: 9
	--> Espina dorada. Cantidad Previa: 8. Cantidad actual: 14
	--> Flor esponjosa. Cantidad Previa: 0. Cantidad actual: 9

06-05-2024 18:17:57 - INICIO REABASTECIMIENTO COMERCIANTE
COMERCIANTE: Thalassa Hierbasueños
	--> Flor acuática. Cantidad Previa: 0. Cantidad actual: 7
	--> Flor mágica. Cantidad Previa: 0. Cantidad actual: 10
	--> Flor explosiva. Cantidad Previa: 0. Cantidad actual: 5
	--> Fruta helada. Cantidad Previa: 0. Cantidad actual: 7
	--> Flor plumífera. Cantidad Previa: 5. Cantidad actual: 15

COMERCIANTE: Fynn Bosquefungi
	--> Weirdshroom. Cantidad Previa: 0. Cantidad actual: 5
	--> Seta loca. Cantidad Previa: 0. Cantidad actual: 5
	--> Parasol brumoso. Cantidad Previa: 0. Cantidad actual: 10
	--> Parasol brumoso. Cantidad Previa: 10. Cantidad actual: 19
	--> Seta loca. Cantidad Previa: 5. Cantidad actual: 14

COMERCIANTE: Darion Mercaluz
	--> Seta mohosa. Cantidad Previa: 0. Cantidad actual: 9
	--> Blood Ruby. Cantidad Previa: 7. Cantidad actual: 12
	--> Flor plumífera. Cantidad Previa: 6. Cantidad actual: 15
	--> Palo espinoso. Cantidad Previa: 5. Cantidad actual: 14
	--> Earth Pyrite. Cantidad Previa: 0. Cantidad actual: 7

COMERCIANTE: Aldric Hojaverde
	--> Hierba enroscada. Cantidad Previa: 13. Cantidad actual: 20
	--> Espina sangrienta. Cantidad Previa: 0. Cantidad actual: 6
	--> Romero druídico. Cantidad Previa: 0. Cantidad actual: 10
	--> Cardo tormentoso. Cantidad Previa: 0. Cantidad actual: 6
	--> Hierba enroscada. Cantidad Previa: 20. Cantidad actual: 26

COMERCIANTE: Drogan Rocaviva
	--> Earth Pyrite. Cantidad Previa: 7. Cantidad actual: 15
	--> Blood Ruby. Cantidad Previa: 10. Cantidad actual: 15
	--> Fire Citrine. Cantidad Previa: 7. Cantidad actual: 15
	--> Fire Citrine. Cantidad Previa: 15. Cantidad actual: 23
	--> Blood Ruby. Cantidad Previa: 15. Cantidad actual: 21

COMERCIANTE: Luciano Diamante
	--> Terraria. Cantidad Previa: 0. Cantidad actual: 10
	--> Blood Ruby. Cantidad Previa: 0. Cantidad actual: 10
	--> Green Mushroom. Cantidad Previa: 9. Cantidad actual: 15
	--> Dryad's Saddle. Cantidad Previa: 0. Cantidad actual: 9
	--> Weirdshroom. Cantidad Previa: 8. Cantidad actual: 14

06-05-2024 18:17:58 - INICIO REABASTECIMIENTO COMERCIANTE
COMERCIANTE: Thalassa Hierbasueños
	--> Hierba Vital. Cantidad Previa: 10. Cantidad actual: 16
	--> Flameweed. Cantidad Previa: 6. Cantidad actual: 12
	--> Healer's Heather. Cantidad Previa: 0. Cantidad actual: 6
	--> Raíz de lava. Cantidad Previa: 7. Cantidad actual: 13
	--> Buena baya. Cantidad Previa: 0. Cantidad actual: 5

COMERCIANTE: Fynn Bosquefungi
	--> Seta loca. Cantidad Previa: 14. Cantidad actual: 21
	--> Seta mohosa. Cantidad Previa: 7. Cantidad actual: 17
	--> Witch Mushroom. Cantidad Previa: 8. Cantidad actual: 15
	--> Parasol brumoso. Cantidad Previa: 19. Cantidad actual: 27
	--> Green Mushroom. Cantidad Previa: 6. Cantidad actual: 11

COMERCIANTE: Darion Mercaluz
	--> Hierba enroscada. Cantidad Previa: 0. Cantidad actual: 9
	--> Grave Truffle. Cantidad Previa: 0. Cantidad actual: 10
	--> Grave Truffle. Cantidad Previa: 10. Cantidad actual: 18
	--> Flor acuática. Cantidad Previa: 0. Cantidad actual: 10
	--> Raíz estranguladora. Cantidad Previa: 0. Cantidad actual: 8

COMERCIANTE: Aldric Hojaverde
	--> Healer's Heather. Cantidad Previa: 0. Cantidad actual: 8
	--> Flor vendaval. Cantidad Previa: 0. Cantidad actual: 5
	--> Flor vendaval. Cantidad Previa: 5. Cantidad actual: 13
	--> Healer's Heather. Cantidad Previa: 8. Cantidad actual: 13
	--> Flor acuática. Cantidad Previa: 0. Cantidad actual: 8

COMERCIANTE: Drogan Rocaviva
	--> Earth Pyrite. Cantidad Previa: 15. Cantidad actual: 25
	--> Cristal nublado. Cantidad Previa: 0. Cantidad actual: 10
	--> Blood Ruby. Cantidad Previa: 21. Cantidad actual: 29
	--> Bismuto fantástico. Cantidad Previa: 0. Cantidad actual: 9
	--> Cristal nublado. Cantidad Previa: 10. Cantidad actual: 16

COMERCIANTE: Luciano Diamante
	--> Blood Ruby. Cantidad Previa: 10. Cantidad actual: 15
	--> Hierba enroscada. Cantidad Previa: 0. Cantidad actual: 6
	--> Marshroom. Cantidad Previa: 0. Cantidad actual: 10
	--> Flor plumífera. Cantidad Previa: 9. Cantidad actual: 15
	--> Pimienta de dragón. Cantidad Previa: 0. Cantidad actual: 8

06-05-2024 18:17:58 - INICIO REABASTECIMIENTO COMERCIANTE
COMERCIANTE: Thalassa Hierbasueños
	--> Cardo tormentoso. Cantidad Previa: 0. Cantidad actual: 8
	--> Flor esponjosa. Cantidad Previa: 0. Cantidad actual: 9
	--> Hierba Vital. Cantidad Previa: 16. Cantidad actual: 26
	--> Palo espinoso. Cantidad Previa: 9. Cantidad actual: 16
	--> Hojafría. Cantidad Previa: 0. Cantidad actual: 9

COMERCIANTE: Fynn Bosquefungi
	--> Dryad's Saddle. Cantidad Previa: 13. Cantidad actual: 20
	--> Goblin Shroom. Cantidad Previa: 10. Cantidad actual: 19
	--> Seta marrón. Cantidad Previa: 0. Cantidad actual: 7
	--> Weirdshroom. Cantidad Previa: 5. Cantidad actual: 13
	--> Green Mushroom. Cantidad Previa: 11. Cantidad actual: 17

COMERCIANTE: Darion Mercaluz
	--> Witch Mushroom. Cantidad Previa: 0. Cantidad actual: 5
	--> Plátano peludo. Cantidad Previa: 0. Cantidad actual: 7
	--> Green Mushroom. Cantidad Previa: 0. Cantidad actual: 10
	--> Parasol brumoso. Cantidad Previa: 0. Cantidad actual: 7
	--> Weirdshroom. Cantidad Previa: 5. Cantidad actual: 10

COMERCIANTE: Aldric Hojaverde
	--> Flor mágica. Cantidad Previa: 0. Cantidad actual: 7
	--> Flameweed. Cantidad Previa: 0. Cantidad actual: 10
	--> Cardo tormentoso. Cantidad Previa: 6. Cantidad actual: 16
	--> Palo espinoso. Cantidad Previa: 0. Cantidad actual: 10
	--> Raíz de lava. Cantidad Previa: 16. Cantidad actual: 21

COMERCIANTE: Drogan Rocaviva
	--> Blood Ruby. Cantidad Previa: 29. Cantidad actual: 38
	--> Cristal arcano. Cantidad Previa: 16. Cantidad actual: 21
	--> Frost Sapphire. Cantidad Previa: 15. Cantidad actual: 23
	--> Cristal vital. Cantidad Previa: 14. Cantidad actual: 24
	--> Blood Ruby. Cantidad Previa: 38. Cantidad actual: 47

COMERCIANTE: Luciano Diamante
	--> Parasol brumoso. Cantidad Previa: 0. Cantidad actual: 8
	--> Raíz estranguladora. Cantidad Previa: 0. Cantidad actual: 9
	--> Estibina apestada. Cantidad Previa: 6. Cantidad actual: 12
	--> Hierba Vital. Cantidad Previa: 0. Cantidad actual: 6
	--> Cristal nublado. Cantidad Previa: 0. Cantidad actual: 10

06-05-2024 18:38:59 - INICIO REABASTECIMIENTO COMERCIANTE
COMERCIANTE: Thalassa Hierbasueños
	--> Cardo tormentoso. Cantidad Previa: 0. Cantidad actual: 10
	--> Hierba Vital. Cantidad Previa: 5. Cantidad actual: 15
	--> Terraria. Cantidad Previa: 0. Cantidad actual: 7
	--> Raíz de lava. Cantidad Previa: 0. Cantidad actual: 9
	--> Plátano peludo. Cantidad Previa: 5. Cantidad actual: 12

COMERCIANTE: Fynn Bosquefungi
	--> Weirdshroom. Cantidad Previa: 0. Cantidad actual: 8
	--> Seta mohosa. Cantidad Previa: 0. Cantidad actual: 7
	--> Green Mushroom. Cantidad Previa: 10. Cantidad actual: 16
	--> Seta mohosa. Cantidad Previa: 7. Cantidad actual: 13
	--> Parasol brumoso. Cantidad Previa: 9. Cantidad actual: 14

COMERCIANTE: Darion Mercaluz
	--> Hierba enroscada. Cantidad Previa: 0. Cantidad actual: 9
	--> Cristal nublado. Cantidad Previa: 0. Cantidad actual: 7
	--> Raíz de lava. Cantidad Previa: 0. Cantidad actual: 8
	--> Hierba Vital. Cantidad Previa: 9. Cantidad actual: 15
	--> Green Mushroom. Cantidad Previa: 0. Cantidad actual: 9

COMERCIANTE: Aldric Hojaverde
	--> Healer's Heather. Cantidad Previa: 0. Cantidad actual: 6
	--> Remolacha onírica. Cantidad Previa: 0. Cantidad actual: 9
	--> Terraria. Cantidad Previa: 8. Cantidad actual: 14
	--> Espina dorada. Cantidad Previa: 0. Cantidad actual: 7
	--> Palo espinoso. Cantidad Previa: 0. Cantidad actual: 6

COMERCIANTE: Drogan Rocaviva
	--> Cristal nublado. Cantidad Previa: 8. Cantidad actual: 15
	--> Earth Pyrite. Cantidad Previa: 0. Cantidad actual: 5
	--> Bismuto fantástico. Cantidad Previa: 5. Cantidad actual: 10
	--> Blood Ruby. Cantidad Previa: 9. Cantidad actual: 16
	--> Frost Sapphire. Cantidad Previa: 0. Cantidad actual: 7

COMERCIANTE: Luciano Diamante
	--> Seta loca. Cantidad Previa: 0. Cantidad actual: 6
	--> Flameweed. Cantidad Previa: 0. Cantidad actual: 10
	--> Plátano peludo. Cantidad Previa: 8. Cantidad actual: 14
	--> Cristal nublado. Cantidad Previa: 0. Cantidad actual: 5
	--> Blood Ruby. Cantidad Previa: 0. Cantidad actual: 10

06-05-2024 18:38:59 - INICIO REABASTECIMIENTO COMERCIANTE
COMERCIANTE: Thalassa Hierbasueños
	--> Algas. Cantidad Previa: 0. Cantidad actual: 8
	--> Cardo tormentoso. Cantidad Previa: 10. Cantidad actual: 16
	--> Hierba enroscada. Cantidad Previa: 0. Cantidad actual: 10
	--> Fruta helada. Cantidad Previa: 0. Cantidad actual: 6
	--> Pimienta de dragón. Cantidad Previa: 0. Cantidad actual: 10

COMERCIANTE: Fynn Bosquefungi
	--> Dryad's Saddle. Cantidad Previa: 9. Cantidad actual: 16
	--> Grave Truffle. Cantidad Previa: 0. Cantidad actual: 5
	--> Weirdshroom. Cantidad Previa: 8. Cantidad actual: 17
	--> Seta marrón. Cantidad Previa: 9. Cantidad actual: 18
	--> Parasol brumoso. Cantidad Previa: 14. Cantidad actual: 20

COMERCIANTE: Darion Mercaluz
	--> Weirdshroom. Cantidad Previa: 6. Cantidad actual: 13
	--> Frost Sapphire. Cantidad Previa: 0. Cantidad actual: 8
	--> Parasol brumoso. Cantidad Previa: 0. Cantidad actual: 9
	--> Hierba Vital. Cantidad Previa: 15. Cantidad actual: 23
	--> Buena baya. Cantidad Previa: 0. Cantidad actual: 6

COMERCIANTE: Aldric Hojaverde
	--> Pimienta de dragón. Cantidad Previa: 0. Cantidad actual: 6
	--> Healer's Heather. Cantidad Previa: 6. Cantidad actual: 14
	--> Hierba enroscada. Cantidad Previa: 0. Cantidad actual: 5
	--> Raíz de lava. Cantidad Previa: 0. Cantidad actual: 8
	--> Terraria. Cantidad Previa: 14. Cantidad actual: 22

COMERCIANTE: Drogan Rocaviva
	--> Blood Ruby. Cantidad Previa: 16. Cantidad actual: 22
	--> Cristal vital. Cantidad Previa: 0. Cantidad actual: 7
	--> Cristal vital. Cantidad Previa: 7. Cantidad actual: 14
	--> Estibina apestada. Cantidad Previa: 0. Cantidad actual: 9
	--> Cristal vital. Cantidad Previa: 14. Cantidad actual: 24

COMERCIANTE: Luciano Diamante
	--> Cristal arcano. Cantidad Previa: 0. Cantidad actual: 6
	--> Hojafría. Cantidad Previa: 0. Cantidad actual: 6
	--> Cardo tormentoso. Cantidad Previa: 0. Cantidad actual: 10
	--> Witch Mushroom. Cantidad Previa: 0. Cantidad actual: 6
	--> Shadow Chanterelle. Cantidad Previa: 0. Cantidad actual: 5

